<?xml version="1.0" encoding="UTF-8"?>
<!-- Generated by org.testng.reporters.JUnitXMLReporter -->
<testsuite ignored="0" hostname="DESKTOP-7528CC5" failures="0" tests="14" name="Default test" time="10.891" errors="0" timestamp="08 Apr 2020 09:42:07 GMT">
  <testcase classname="channel.tests.PlivoTest" name="testAccessToken" time="0.039"/>
  <testcase classname="channel.tests.PlivoTest" name="testAccessToken" time="0.005"/>
  <testcase classname="channel.tests.PlivoTest" name="testCreateNewChannel" time="4.683"/>
  <testcase classname="channel.tests.PlivoTest" name="testCreateNewChannel" time="1.061"/>
  <testcase classname="channel.tests.PlivoTest" name="testJoinNewlyCreatedChannel" time="0.445"/>
  <testcase classname="channel.tests.PlivoTest" name="testJoinNewlyCreatedChannel" time="0.45"/>
  <testcase classname="channel.tests.PlivoTest" name="testRenameChannel" time="0.479"/>
  <testcase classname="channel.tests.PlivoTest" name="testRenameChannel" time="0.47"/>
  <testcase classname="channel.tests.PlivoTest" name="verifyRenamedChannel" time="0.564"/>
  <testcase classname="channel.tests.PlivoTest" name="verifyRenamedChannel" time="0.434"/>
  <testcase classname="channel.tests.PlivoTest" name="testArchiveChannel" time="0.407"/>
  <testcase classname="channel.tests.PlivoTest" name="testArchiveChannel" time="0.895"/>
  <testcase classname="channel.tests.PlivoTest" name="verifyArchivedChannel" time="0.462"/>
  <testcase classname="channel.tests.PlivoTest" name="verifyArchivedChannel" time="0.337"/>
</testsuite> <!-- Default test -->
